This is the Google Pub/Sub fake.
Implementation may be incomplete or differ from the real system.
Mar 21, 2025 11:21:28 PM com.google.cloud.pubsub.testing.v1.Main main
INFO: IAM integration is disabled. IAM policy methods and ACL checks are not supported
SLF4J: Failed to load class "org.slf4j.impl.StaticLoggerBinder".
SLF4J: Defaulting to no-operation (NOP) logger implementation
SLF4J: See http://www.slf4j.org/codes.html#StaticLoggerBinder for further details.
Mar 21, 2025 11:21:28 PM com.google.cloud.pubsub.testing.v1.Main main
INFO: Server started, listening on 8085
Mar 21, 2025 11:21:34 PM io.gapi.emulators.netty.HttpVersionRoutingHandler channelRead
INFO: Detected HTTP/2 connection.
Mar 21, 2025 11:22:51 PM io.gapi.emulators.netty.HttpVersionRoutingHandler channelRead
INFO: Detected non-HTTP/2 connection.
Mar 21, 2025 11:22:51 PM io.gapi.emulators.grpc.HttpAdapter$StubMethodHandler handle
INFO: Forwarding key: Host
Mar 21, 2025 11:22:51 PM io.gapi.emulators.grpc.HttpAdapter$StubMethodHandler handle
INFO: Forwarding key: User-Agent
Mar 21, 2025 11:22:51 PM io.gapi.emulators.grpc.HttpAdapter$StubMethodHandler handle
INFO: Forwarding key: Accept
Mar 21, 2025 11:22:51 PM io.gapi.emulators.grpc.HttpAdapter$StubMethodHandler handle
INFO: Forwarding key: Content-Type
Mar 21, 2025 11:22:51 PM io.gapi.emulators.grpc.HttpAdapter$StubMethodHandler handle
INFO: Not forwarding key: Content-Length
Mar 21, 2025 11:22:51 PM io.gapi.emulators.netty.HttpVersionRoutingHandler channelRead
INFO: Detected HTTP/2 connection.
Mar 21, 2025 11:22:52 PM io.gapi.emulators.netty.HttpHandler$1 onError
INFO: Exception when handling request: INVALID_ARGUMENT: Some messages are empty
Mar 21, 2025 11:23:39 PM io.gapi.emulators.netty.HttpVersionRoutingHandler channelRead
INFO: Detected non-HTTP/2 connection.
Mar 21, 2025 11:23:39 PM io.gapi.emulators.grpc.HttpAdapter$StubMethodHandler handle
INFO: Forwarding key: Host
Mar 21, 2025 11:23:39 PM io.gapi.emulators.grpc.HttpAdapter$StubMethodHandler handle
INFO: Forwarding key: User-Agent
Mar 21, 2025 11:23:39 PM io.gapi.emulators.grpc.HttpAdapter$StubMethodHandler handle
INFO: Forwarding key: Accept
Mar 21, 2025 11:23:39 PM io.gapi.emulators.grpc.HttpAdapter$StubMethodHandler handle
INFO: Forwarding key: Content-Type
Mar 21, 2025 11:23:39 PM io.gapi.emulators.grpc.HttpAdapter$StubMethodHandler handle
INFO: Not forwarding key: Content-Length
*** shutting down gRPC server since JVM is shutting down
*** server shut down
